#Address in Hex; Function Name; Length in Bytes; Index; Type(0:ROM,1:NVM,2:DRAM)
#ROM MCU functions:
0x40000000 _start 36 0 0
0x40000030 rom_index 4 6 0
0x40000040 FlowExceptionHandler 36 8 0
0x40000080 MachineTrapEntry 26 16 0
0x40000210 McuRomDma 50 66 0
0x40000248 McuRomOtpProgDma 112 73 0
0x400002b8 McuRomOtpCompare 40 87 0
0x400002e0 McuRomSimpleDma 54 92 0
0x40000318 McuRomVerifyDma 90 99 0
0x40000378 McuRomVerifyCrc 42 111 0
0x400003a8 mcuRomFlowSetInitTableAddressForTxLv 58 117 0
0x400003e8 mcuRomFlowSetModeTableAddressForTxLv 16 125 0
0x400003f8 mcuRomFlowSetInitTableAddressForLoCalibLv 58 127 0
0x40000438 mcuRomFlowSetModeTableAddressForLoCalibLv 16 135 0
0x40000448 mcuRomFlowSetInitTableAddressForMeasureLv 58 137 0
0x40000488 mcuRomFlowSetModeTableAddressForMeasureLv 16 145 0
0x40000498 mcuRomFlowSetInitTableAddressForSymCalibLv 58 147 0
0x400004d8 mcuRomFlowSetModeTableAddressForSymCalibLv 16 155 0
0x400004e8 mcuRomFlowSetInitTableAddressForTxHv 58 157 0
0x40000528 mcuRomFlowSetModeTableAddressForTxHv 16 165 0
0x40000538 mcuRomFlowSetInitTableAddressForLoCalibHv 58 167 0
0x40000578 mcuRomFlowSetModeTableAddressForLoCalibHv 16 175 0
0x40000588 mcuRomFlowSetInitTableAddressForMeasureHv 58 177 0
0x400005c8 mcuRomFlowSetModeTableAddressForMeasureHv 16 185 0
0x400005d8 mcuRomFlowSetInitTableAddressForSymCalibHv 58 187 0
0x40000618 mcuRomFlowSetModeTableAddressForSymCalibHv 16 195 0
0x40000628 mcuRomFlowSetInitTableAddressForTempsensLv 58 197 0
0x40000668 mcuRomFlowSetModeTableAddressForTempsensLv 16 205 0
0x40000678 mcuRomFlowSetInitTableAddressForMeasureLC 58 207 0
0x400006b8 mcuRomFlowSetModeTableAddressForMeasureLC 16 215 0
0x400006c8 mcuRomFlowSetInitTableAddressForrcSensCap 58 217 0
0x40000708 mcuRomFlowSetModeTableAddressForrcSensCap 16 225 0
0x40000718 mcuRomFlowSetInitTableAddressForrcSensRes 58 227 0
0x40000758 mcuRomFlowSetModeTableAddressForrcSensRes 16 235 0
0x40000768 mcuRomFlowSetModeTableAddressForLoDivSymLv 16 237 0
0x40000778 mcuRomFlowSetModeTableAddressForLoDivSymHv 16 239 0
0x40000788 mcuRomFlowSetInitTableAddressForLoDivSymLv 58 241 0
0x400007c8 mcuRomFlowSetInitTableAddressForLoDivSymHv 58 249 0
0x40000808 RomSetBatteryAndHpmModes 88 257 0
0x40000860 CalibAndTxFsmSetTxoRxoPerPowerMode 94 268 0
0x400008c0 CalcTempRange 144 280 0
0x40000950 TempCompAnalogControl 110 298 0
0x400009c0 TempCompAnalogControlWithoutUpdatingTempCompVector 90 312 0
0x40000a20 TempCompAnalogRguWsContext0ParamsSetOffsets 90 324 0
0x40000a80 TempCompAnalogRguWsContext1ParamsSetOffsets 90 336 0
0x40000ae0 TempCompAnalogRguDynClbAndTempLoopContextParamsSetOffsets 146 348 0
0x40000b78 TempCompAnalogHrrAndDrrShadowParamsSetOffsets 146 367 0
0x40000c10 TempCompAnalogRguWsContext0ParamsExecute 402 386 0
0x40000da8 TempCompAnalogRguWsContext1ParamsExecute 466 437 0
0x40000f80 TempCompAnalogRguDynClbAndTempLoopContextParamsExecute 526 496 0
0x40001190 TempCompSlimLdo 206 562 0
0x40001260 TempCompAnalogHrrAndDrrShadowParamsExecute 550 588 0
0x40001488 TempCompEnvdetClkCoarse 106 657 0
0x400014f8 TempCompDigLdo 96 671 0
0x40001558 TempCompActiveClkTrim 96 683 0
0x400015b8 TempCompRtcClkTrim 106 695 0
0x40001628 CalcAuxFreqCompFactor 24 709 0
0x40001640 EstAuxFreqForTemperatureAndHypothesis 298 712 0
0x40001770 McuRomResetCleOvl 14 750 0
0x40001780 CtlCalibInit 78 752 0
0x400017d0 CtlCalibResetCoarseStepSize 20 762 0
0x400017e8 CtlCalibUpdateControls 104 765 0
0x40001850 CtlCalibFsm 398 778 0
0x400019e0 CtlCalibIncStateUponSignalToggle 44 828 0
0x40001a10 CleCheckIfMaxStepReached 66 834 0
0x40001a58 LoVrefVbpCalibSaveCurrConfigForDebugData 106 843 0
0x40001ac8 LoVrefVbpCalibCleInit 242 857 0
0x40001bc0 LoVrefVbpCalibCleOverflow 218 888 0
0x40001ca0 LoVrefVbpCalibSetCoarseStepSize 94 916 0
0x40001d00 LoVrefVbpCalibSetVrefTxField 34 928 0
0x40001d28 LoVrefVbpCalibSetVrefRxField 34 933 0
0x40001d50 LoVrefVbpCalibGetVrefTxField 42 938 0
0x40001d80 LoVrefVbpCalibGetVrefRxField 42 944 0
0x40001db0 LoVrefVbpCalibEnsureOscillationUponDone 70 950 0
0x40001df8 LoVrefVbpCalibSaveControls 206 959 0
0x40001ec8 LoVrefVbpCalibRestoreControls 198 985 0
0x40001f90 LoVrefVbpCalibFinalizeTxControls 178 1010 0
0x40002048 LoVrefVbpCalibFinalizeRxControls 176 1033 0
0x400020f8 LoVrefVbpCalibFinalizeControls 44 1055 0
0x40002128 LoVrefVbpCalibResetControlsToGnvm 250 1061 0
0x40002228 LoVrefVbpCalibCopyTxCtrlsToRxCtrls 78 1093 0
0x40002278 LoVrefVbpCalibUpdateControlsForVerifUponConsecBadCalibs 84 1103 0
0x400022d0 LoVrefVbpCalibUpdateBadCalibCtr 74 1114 0
0x40002320 LoVrefVbpCalibCheckConsecutiveBeacons 158 1124 0
0x400023c0 LoVrefVbpCalibUseLcAuxForVerification 52 1144 0
0x400023f8 LcAuxCalibEnsureOscillationUponDone 74 1151 0
0x40002448 LcAuxCalibResetControlsToGnvm 22 1161 0
0x40002460 LcAuxCalibSaveCurrConfigForDebugData 42 1164 0
0x40002490 DfCalibSaveCurrConfigForDebugData 42 1170 0
0x400024c0 DfCalibCleCalcSprinklerEfineStep 50 1176 0
0x400024f8 PrepareFirstDfMeas 194 1183 0
0x400025c0 RomSetTxDfAndSprinklerForSmallStepEfine 62 1208 0
0x40002600 RomSetTxDfAndSprinklerForNormalStepEfine 62 1216 0
0x40002640 BleFreqMhzToChIdx 78 1224 0
0x40002690 BleChIdxToFreqMhz 84 1234 0
0x400026e8 CalcCwScalerFromGivenBleChIdx 118 1245 0
0x40002760 CalcLoDivSymDivRatioFromGivenBleChIdx 152 1260 0
0x400027f8 McuRomAuxMeasPrepare 666 1279 0
0x40002a98 McuRomRxSweepPreProcessing 324 1363 0
0x40002be0 McuRomRxSweepPostProcessing 316 1404 0
0x40002d20 CalibAndTxFsmAuxMeas 4 1444 0
0x40002d28 CalibAndTxFsmUpdateNrgdetDurationThr 152 1445 0
0x40002dc0 CalibAndTxFsmCheckGoodAuxMeas 492 1464 0
0x40002fb0 CalibAndTxFsmNoGoodAuxMeas 178 1526 0
0x40003068 CalibAndTxCheckDiscardRxSweep 162 1549 0
0x40003110 McuRomAuxMeasPostProcessing 294 1570 0
0x40003238 CalibAndTxFsmLoTxRxCalib 108 1607 0
0x400032a8 RomSetSprinklerDCO 264 1621 0
0x400033b0 McuRomSetMaxTimeSprinkler 154 1654 0
0x40003450 McuRomSetMaxFreqSprinkler 108 1674 0
0x400034c0 McuRomSetChannelSprinkler 204 1688 0
0x40003590 McuRomRestoreParamsUponTxSprinklerDone 234 1714 0
0x40003680 McuRomMiniRxChooseHarvesterFlow 162 1744 0
0x40003728 McuRomMiniRxChooseBle5FreqConfig 88 1765 0
0x40003780 McuRomMiniRxChooseBle5PacketsConfig 66 1776 0
0x400037c8 McuRomMiniRxChooseHarvesterTypeConfig 34 1785 0
0x400037f0 McuRomMiniRxChooseBle5SymbolRateConfig 36 1790 0
0x40003818 McuRomMiniRxChooseGearAndLoPmConfig 44 1795 0
0x40003848 McuRomMiniRxForceVrefVbpConfig 438 1801 0
0x40003a00 McuRomMiniRxScanLoDcoConfig 184 1856 0
0x40003ab8 McuRomMiniRxSub1gHarvSwitchConfig 14 1879 0
0x40003ac8 FmuFilter 70 1881 0
0x40003b10 FmuSetNumCycles 26 1890 0
0x40003b30 MeasureClockFreqHz 88 1894 0
0x40003b88 WkupCalibInit 72 1905 0
0x40003bd0 WkupCalibRestoreConfigUponCalibDone 142 1914 0
0x40003c60 WkupLowSensitivityCalibSetThreshold 100 1932 0
0x40003cc8 WkupHighSensitivityCalibSetThreshold 156 1945 0
0x40003d68 WkupSample 246 1965 0
0x40003e60 RomSetWkupSensitivity 100 1996 0
0x40003ec8 WkupCalibCleInit 250 2009 0
0x40003fc8 WkupCalibSaveControls 142 2041 0
0x40004058 WkupCalibRestoreControls 86 2059 0
0x400040b0 WkupCalibCleOverflow 200 2070 0
0x40004178 WkupCalibSaveCurrConfigForDebugData 130 2095 0
0x40004200 WkupLowSensitivityCalibInit 118 2112 0
0x40004278 WkupHighSensitivityCalibInit 92 2127 0
0x400042d8 McuRomCopyTxToRxCh37Dco 62 2139 0
0x40004318 McuRomCopyRxToTxCh37Dco 62 2147 0
0x40004358 SaveTxDcoForBleChannel 232 2155 0
0x40004440 RestoreTxDcoForBleChannel 154 2184 0
0x400044e0 SetTxDcoForBleChannel 94 2204 0
0x40004540 GetTxDcoForBleChannel 118 2216 0
0x400045b8 SetMinTxFreqForBleChannel 118 2231 0
0x40004630 SetMaxTxFreqForBleChannel 94 2246 0
0x40004690 DcoHop 432 2258 0
0x40004840 DcoHopTxDcoEfine 192 2312 0
0x40004900 DcoHopTxDcoFine 192 2336 0
0x400049c0 CalcEffEfine 172 2360 0
0x40004a70 FlowCopyAuxMeasureAndUnscaledToOvlMeasCtl 34 2382 0
0x40004a98 FlowSaveAuxMeasureAndUnscaledFromOvlMeasResult 34 2387 0
0x40004ac0 FlowCopyAuxMeasureToOvlMeasResult 14 2392 0
0x40004ad0 EstimateAuxFreqFromAuxMeas 20 2394 0
0x40004ae8 CheckSwSideInfoFailOnChannel 84 2397 0
0x40004b40 UpdateAuxMeasFromBleCh 38 2408 0
0x40004b68 CheckSwSideInfoFail 376 2413 0
0x40004ce0 PrepareSecondDfMeas 184 2460 0
0x40004d98 CalcDfandSprinklerStep 336 2483 0
0x40004ee8 McuRomDebugStuckMcuFunction 54 2525 0
0x40004f20 DumpToDebugRam 20 2532 0
0x40004f38 HwsJumpToSpecificRdr 54 2535 0
0x40004f70 HwsJumpXRdrs 82 2542 0
0x40004fc8 HwsNetJumpBack2Rdrs 82 2553 0
0x40005020 HwsNetJumpBack4Rdrs 82 2564 0
0x40005078 HwsNetJumpForward2Rdrs 82 2575 0
0x400050d0 HwsNetJumpForward4Rdrs 82 2586 0
0x40005128 mcuRomDummyFunc 46 2597 0
0x40005158 McuRomWkupStateRoundRobinBleChannels 120 2603 0
0x400051d0 McuRomResetCalibParams 100 2618 0
0x40005238 StuckMCU 38 2631 0
0x40005260 McuRomE4E4TestFunction 38 2636 0
0x40005288 McuRomFlowFSMPowerup 430 2641 0
0x40005438 McuRomResetLoVrefVbpAndLcAuxGnvmValues 32 2695 0
0x40005458 McuRomSetEfineSteps 30 2699 0
0x40005478 McuRomSetParamsForFirstCycle 2 2703 0
0x40005480 McuRomRestoreParamsAfterFirstCycle 2 2704 0
0x40005488 McuRomSetParamsForFirstPacket 28 2705 0
0x400054a8 McuRomRestoreParamsAfterFirstPacket 84 2709 0
0x40005500 McuRomUpdateAuxMeasEstAndRxCalibUponNoTwoWU 94 2720 0
0x40005560 McuRomTempSensingPowerUpConfig 104 2732 0
0x400055c8 McuRomAccTempSenseMeasInOvl 64 2745 0
0x40005608 McuRomTempChangeEvent 254 2753 0
0x40005708 McuRomCalcTempFromSensorFsm 394 2785 0
0x40005898 McuRomTempComp 100 2835 0
0x40005900 McuRomSetAdbDoneDelayUponFirstTempComp 42 2848 0
0x40005930 McuRomAdbDoneDelayTempComp 156 2854 0
0x400059d0 McuRomRcSensingPowerUpConfig 62 2874 0
0x40005a10 McuRomRcSensingFsm 478 2882 0
0x40005bf0 McuRomRoundRobinRCSensorConfig 88 2942 0
0x40005c48 McuRomTamperSensing 100 2953 0
0x40005cb0 McuRomCalcNumEnvDetsCyclesForBle5 222 2966 0
0x40005d90 McuRomRestoreFromFastEnvdetClk 156 2994 0
0x40005e30 McuRomLoVrefVbpCalibCleFsm 1162 3014 0
0x400062c0 McuRomLoVrefVbpCalibCleFsmWithCh39 834 3160 0
0x40006608 McuRomLoVrefVbpCalibCleFsmE2 648 3265 0
0x40006890 McuRomLoVrefVbpCalibFsm 860 3346 0
0x40006bf0 McuRomForceVrefVbpWithoutCalib 74 3454 0
0x40006c40 McuRomLcAuxCalibCleFsm 578 3464 0
0x40006e88 McuRomLcAuxCalibFsm 554 3537 0
0x400070b8 McuRomDfAndSprinklerStepCalibFsm 914 3607 0
0x40007450 McuRomDfConfigBetweenConsecMeas 112 3722 0
0x400074c0 McuRomLoTxRxCalibPreProcessing 122 3736 0
0x40007540 McuRomLoTxRxCalibPostProcessing 312 3752 0
0x40007678 McuRomLoCalibFsm 864 3791 0
0x400079d8 McuRomLoCalibFsmE2 558 3899 0
0x40007c08 McuRomCopyCalibRsltCoarseToHrr 92 3969 0
0x40007c68 McuRomUpdatePacketDataForTestMode 2 3981 0
0x40007c70 McuRomPostPacketPreparation 200 3982 0
0x40007d38 McuRomSaveHalfMic 28 4007 0
0x40007d58 McuRomCombineTwoMics 48 4011 0
0x40007d88 McuRomUpdateNonceForPacketType 30 4017 0
0x40007da8 McuRomUpdatePacketTypeInGroupId 30 4021 0
0x40007dc8 McuRomUpdatePacketData 776 4025 0
0x400080d0 McuRomUpdatePacketDataForMiniRx 122 4122 0
0x40008150 McuRomTxSprinkler 766 4138 0
0x40008450 McuRomSetRegsForExtendedPacket 70 4234 0
0x40008498 McuRomTxBle5SetParams 318 4243 0
0x400085d8 McuRomTxBle5SetWkupParams 216 4283 0
0x400086b0 McuRomTxBle5SetRadioParams 108 4310 0
0x40008720 McuRomTxBle5RestoreParams 104 4324 0
0x40008788 McuRomBle5CheckSoftAwdtInd 116 4337 0
0x40008800 McuRomSetAwdtForBle5DataPacket 42 4352 0
0x40008830 McuRomFlowManagerDebugUpdateMaskUponCycleBegin 74 4358 0
0x40008880 McuRomFlowManagerDisableJumpForGivenState 78 4368 0
0x400088d0 McuRomPreLoProximityMeas 152 4378 0
0x40008968 McuRomPostLoProximityMeas 266 4397 0
0x40008a78 McuRomLoProximityCheckScanDcoMode 88 4431 0
0x40008ad0 McuRomPostLoProximityMeasForDcoScan 78 4442 0
0x40008b20 McuRomCloseWkup 26 4452 0
0x40008b40 McuRomSetLoDcoCoarseForWkup 206 4456 0
0x40008c10 McuRomRestoreLoDcoCoarseAfterWkup 54 4482 0
0x40008c48 McuRomPrepareForWkupCh37Event 12 4489 0
0x40008c58 McuRomPrepareForWkupCh38Event 12 4491 0
0x40008c68 McuRomPrepareForWkupCh39Event 12 4493 0
0x40008c78 McuRomSaveChargingTime 56 4495 0
0x40008cb0 McuRomSaveEAWKUPTimers 38 4502 0
0x40008cd8 McuRomSetParamsForCcaSequence 116 4507 0
0x40008d50 McuRomEnvdetClkConfigPostMeas 78 4522 0
0x40008da0 McuRomSetParamsForWkupSequence 122 4532 0
0x40008e20 McuRomSystemClksMeasFsm 520 4548 0
0x40009028 McuRomSetFastEnvdetClk 106 4613 0
0x40009098 McuRomEnvdetClkConfigPreMeas 126 4627 0
0x40009118 McuRomWkupCalibCleFsm 626 4643 0
0x40009390 McuRomWkupLowSensitivityCalibFsm 428 4722 0
0x40009540 McuRomWkupHighSensitivityCalibFsm 592 4776 0
0x40009790 McuRomWkupCalibFsm 30 4850 0
0x400097b0 SetBasicFlowWUParams 64 4854 0
0x400097f0 FlowDCOSetCH37 10 4862 0
0x40009800 FlowDCOSetCH38 12 4864 0
0x40009810 FlowDCOSetCH39 12 4866 0
0x40009820 McuRomChannelHopping 42 4868 0
0x40009850 PerformSwAlphaFiltering 66 4874 0
0x40009898 McuRomClearSwspad31 10 4883 0
0x400098a8 FlowJump 20 4885 0
0x400098c0 McuRomEvaluateSystemTime 218 4888 0
0x400099a0 McuRomFlowManagerFsm 1850 4916 0
0x4000a0e0 McuRomUpdateAdvaFromNonce 32 5148 0
0x4000a100 McuRomSetTxRxParamsForAuxMeas 94 5152 0
0x4000a160 McuRomRestoreTxRxParamsAfterAuxMeas 64 5164 0
0x4000a1a0 McuRomAuxMeasFsm 622 5172 0
0x4000a410 McuCopyCalibRsltCoarseToHrr 92 5250 0
0x4000a470 McuBasicFlowCheckTxTimeSprinkler 70 5262 0
0x4000a4b8 McuBasicFlowCheckIfSymCalibEn 26 5271 0
0x4000a4d8 McuBasicFlowChoseSymForPgx 26 5275 0
0x4000a4f8 McuRomBasicFlowUpdateAuxMeas 48 5279 0
0x4000a528 McuBasicFlowSetLoDiv2Sym 62 5285 0
0x4000a568 McuRomBasicFlowBuildPacket 168 5293 0
0x4000a610 McuRomBasicFlowSetRoundRobin 40 5314 0
0x4000a638 McuRomBasicFlowCheck2WU 152 5319 0
0x4000a6d0 McuRomSetWkupParamsPreRx 38 5338 0
0x4000a6f8 McuRomMiniRxFSM 472 5343 0
0x4000a8d0 McuRomMiniRxStoreWkupParams 198 5402 0
0x4000a998 McuRomMiniRxRestoreWkupParams 104 5427 0
0x4000aa00 McuRomMiniRxCheckDone 284 5440 0
0x4000ab20 McuRomMiniRxDebugPowerGearConfig 28 5476 0
0x4000ab40 McuRomSetEnterTestModeParams 94 5480 0
0x4000aba0 McuRomTestModeResetTO 30 5492 0
0x4000abc0 McuRomCheckTestModeTimeOut 56 5496 0
0x4000abf8 McuRomCheckMeasuredValueTestMode 260 5503 0
0x4000ad00 McuRomTestModeCheckWUStateReached 28 5536 0
0x4000ad20 McuRomSetCwScalerForTestMode 48 5540 0
0x4000ad50 McuRomUpdateTestModePacketAndSetLoDiv2Sym 204 5546 0
0x4000ae20 McuRomRestoreParamsAfterTestmode 86 5572 0
0x4000ae78 McuRomCheckSprinklerTestmode 40 5583 0
0x4000aea0 McuRomDebugSetMiniRxStateInLoProx 20 5588 0
0x4000aeb8 McuRomSetTestUpdateSprinklerAndUID 44 5591 0
0x4000aee8 McuRomTestModeCheckBeaconLengthBelowTH 130 5597 0
0x4000af70 McuRomTestModeEstimateFrequencyDelta 50 5614 0
0x4000afa8 McuRomTestModeCheckIfEnterFrequency 96 5621 0
0x4000b008 McuRomTestModeValidateEnterFrequencyDelta 86 5633 0
0x4000b060 McuRomTestModeCopyChannelYValToSWSPAD 58 5644 0
0x4000b0a0 McuRomHarvFlowCounter 56 5652 0
0x4000b0d8 McuRomAddBitToMask 58 5659 0
0x4000b118 McuRomJump2IfNotFirstCycle 26 5667 0
0x4000b138 FlowInit_UID 18 5671 0
0x4000b150 McuRomInitSocClock 2 5674 0
0x4000b158 McuRomSOCCalibration 432 5675 0
0x4000b308 McuRomMeasureFreq 274 5729 0
0x4000b41c McuRomBinarySearchFMU 714 5763 0
0x4000b6e8 McuRomAfterBinarySearchControl 186 5853 0
0x4000b7a4 McuRomRTCCalibrationStore 176 5876 0
0x4000b858 McuRomRTCCalibration 554 5899 0
0x4000ba84 McuRomWURXCalibration 476 5968 0
0x4000bc60 McuRomActiveCalibration 336 6028 0
0x4000bdb0 McuRomRunFMU 140 6070 0
0x4000be3c McuRomFmuCmd 16 6087 0
0x4000be4c McuRomOtpBlockCompare 92 6089 0
0x4000bea8 McuRomCalcBer 30 6101 0
0x4000bec8 WriteToAddr 18 6105 0
0x4000bedc GetFromAddr 10 6107 0
0x4000bee8 SetRadioInitTableAddress 42 6109 0
0x4000bf14 CopyRadioModeRegister 14 6114 0
0x4000bf24 EnableExtAndSwEvents 16 6116 0
0x4000bf34 setDelay 40 6118 0
0x4000bf5c WaitForDelay 58 6123 0
0x4000bf98 WaitForSysEventWithTimeOut 104 6131 0
0x4000c000 McuRomHwsJumpXRdrs_RelativeToFunc 80 6144 0
0x4000cb00 ExceptionHandlerDefault 8 6496 0
0x4000cb0c abs 16 6497 0
0x4000cb1c div 72 6499 0
0x4000cb64 memchr 200 6508 0
0x4000cc2c memcmp 120 6533 0
0x4000cca4 memcpy 428 6548 0
0x4000ce50 memmove 332 6602 0
0x4000cf9c memset 220 6643 0
0x4000d078 srand 20 6671 0
0x4000d08c rand 88 6673 0
#NVM MCU functions:
0x40010000 McuDramAdcCompGo 106 0 1
0x40010000 McuDramInitSrrForVtest 34 0 1
0x40010000 McuDramSetTempSensDemLenDemCtl 46 0 1
0x40010000 McuDramSystemClocksCalibration 438 0 1
0x40010000 McuDramSystemClocksCharacterization 160 0 1
0x40010000 McuDramWkupDiv2Verify 320 0 1
0x40010000 McuDramWsVstartCalib 274 0 1
0x40010000 MCU_Exception_Handler 44 0 1
0x40010024 McuDramValidateRetValuesAfterPoff 180 9 1
0x40010030 CheckInitial_AuxWU 32 12 1
0x40010030 McuDramSetDem 120 12 1
0x40010050 MCU_Set_WU_Configuration 120 20 1
0x40010070 McuDramAdcCompCalc 84 28 1
0x400100a0 McuDramRTCChar 386 40 1
0x400100a8 McuDramCTATCalibrationFSM 448 42 1
0x400100c8 McuDramAdcCompCalcWrapper 232 50 1
0x400100c8 MCU_Set_WU 80 50 1
0x400100d8 McuDramVerifyOtpEndlessRead 16 54 1
0x400100e8 McuSetParamsForSymMeasLc 122 58 1
0x40010114 McuDramVstartVerif 20 69 1
0x40010118 MCU_Set_CCA 26 70 1
0x40010128 McuDramVstartStore 144 74 1
0x40010134 McuDramTempStaticCompFix 130 77 1
0x40010164 McuSetParamsForLcCalibSym 148 89 1
0x400101b0 McuDramVddAdbCalib 62 108 1
0x400101b8 McuDramCalcTdcAndSetTrim 974 110 1
0x400101b8 McuDramInitRcSenseCalib 26 110 1
0x400101b8 McuDramSimpleDmaCommon 42 110 1
0x400101d4 McuDramRcSenseInit 66 117 1
0x400101f0 McuDramVddDigCalib 58 124 1
0x400101f8 McuNvmCopyAuxMeasToIsp 80 126 1
0x40010218 McuDramRcSenseCheckResult 288 134 1
0x40010222 McuDramSystemClocksCharacterizationRtc 74 136 1
0x40010230 McuDramVddSym600Calib 56 140 1
0x40010248 McuNvmCopySymCalibResultsToIsp 178 146 1
0x40010268 McuDramAdjustJumpForCtatCalibSrrFlow 32 154 1
0x40010268 McuDramVddSym750Calib 56 154 1
0x4001026c McuDramCalcCtrlChar 88 155 1
0x400102a0 McuDramVddCBias525Calib 58 168 1
0x400102c4 McuDramWURXCharacterization 316 177 1
0x400102e0 McuDramVddCBias175Calib 82 184 1
0x400102fc McuDramLcAuxIdacCalibStore 22 191 1
0x40010314 McuDramWkUpBbamp 32 197 1
0x40010334 McuDramWkUpVerif 30 205 1
0x40010338 McuDramVddLoLvRxCalib 66 206 1
0x40010354 McuNvmFixSlimLdoForWkup 10 213 1
0x40010360 McuDramVddAdbFromWkup 472 216 1
0x40010380 McuDramVddLoLvTxCalib 68 224 1
0x400103c8 McuDramVddVregFllCalib 56 242 1
0x40010400 McuDramActiveCharacterization 264 256 1
0x40010400 McuDramVddVregLoHv750Calib 56 256 1
0x40010438 McuDramVddLcAuxCalib 58 270 1
0x40010478 McuDramVddTempSensCalib 58 286 1
0x400104b4 vdd_adb_trim 12 301 1
0x400104c0 vdd_dig_trim 16 304 1
0x400104d0 vdd_sym_600_trim 7 308 1
0x400104d8 vdd_sym_750_trim 8 310 1
0x400104e0 vdd_cbias_525_trim 7 312 1
0x400104e8 vdd_cbias_175_trim 32 314 1
0x40010508 McuDramRtcCharacterization 318 322 1
0x40010508 vdd_lolv_trim 8 322 1
0x40010510 vdd_vreg_fll_trim 12 324 1
0x4001051c vdd_vreg_lohv_750_trim 8 327 1
0x40010524 vdd_lc_aux_trim 12 329 1
0x40010530 vdd_temp_sens_trim 8 332 1
0x40010538 dram_vdd_adb_trim 12 334 1
0x40010588 McuDramConfigGnvmForFllTdcCalib 160 354 1
0x40010628 McuNvmTurnOnTdcAndSetFirstTrim 40 394 1
0x40010648 rtc_clk_char_trim_dram 16 402 1
0x40010650 vstart_trim_nvm 128 404 1
