#Address in Hex; Function Name; Length in Bytes (decimal); Index (4bytes lines, decimal)
#ROM HWS functions:
0x4000fc00 HwsRomNetInit 18 0
0x4000fc12 HwsRomFlowFSMPowerupB2B 8 9
0x4000fc1a HwsRomFlowManagerOverlayInitFromGnvm 6 13
0x4000fc20 HwsRomTempSensingOverlayInitFromGnvm 6 16
0x4000fc26 HwsRomRxSweepAndAuxMeasOverlayInitFromGnvm 6 19
0x4000fc2c HwsRomTempSenseLvRadioInit 14 22
0x4000fc3a HwsRomTempSenseLvActivation 8 29
0x4000fc42 HwsRomTempSensePopulateOvlB2B 4 33
0x4000fc46 HwsRomRcSensConfigHwsAndRadio 12 35
0x4000fc52 HwsRomRcSensActivation 6 41
0x4000fc58 HwsRomRcSensPopulateOvlB2B 4 44
0x4000fc5c HwsRomCleActivationForFllOperation 14 46
0x4000fc6a HwsRomCleActivationForWkupOperation 14 53
0x4000fc78 HwsRomFsmDfMeasActivateB2B 16 60
0x4000fc88 HwsRomFsmFmuLoDivSymConfigHwsAndRadio 14 68
0x4000fc96 HwsRomFsmFmuLoDivSymVsSocActivateB2B 8 75
0x4000fc9e HwsRomEnvdetClkMeas 12 79
0x4000fcaa HwsRomRtcClkMeas 10 85
0x4000fcb4 HwsRomSetAdbConfigForContWkup 6 90
0x4000fcba HwsRomRestoreAdbConfigAfterContWkup 6 93
0x4000fcc0 HwsRomPreAuxMeasSequence 8 96
0x4000fcc8 HwsRomPostAuxMeasSequence 10 100
0x4000fcd2 HwsRomAuxMeasPopulateOvlB2B 10 105
0x4000fcdc HwsRomSymMeasPopulateOvlB2B 8 110
0x4000fce4 HwsRomFsmAuxMeasRxConfigClbAndRadio 10 114
0x4000fcee HwsRomFsmAuxMeasRxConfigClbAndRadioForContWkup 10 119
0x4000fcf8 HwsRomFsmAuxMeasLoConfigClbAndRadio 10 124
0x4000fd02 HwsRomFsmSymMeasLoConfigClbAndRadio 10 129
0x4000fd0c HwsRomFsmSymMeasLcConfigClbAndRadio 14 134
0x4000fd1a HwsRomFsmMeasLoVrefVbpCalibConfigClbAndRadio 10 141
0x4000fd24 HwsRomFsmMeasLoVrefVbpCalibConfigClbAndRadioNoSampling 10 146
0x4000fd2e HwsRomFsmDfMeasConfigClbAndRadio 10 151
0x4000fd38 HwsRomFsmFllMeasActivateB2B 8 156
0x4000fd40 HwsRomFsmFllMeasActivateForContWkupB2B 10 160
0x4000fd4a HwsRomLoCalibPopulateOvlB2B 8 165
0x4000fd52 HwsRomFsmLoCalibConfigClbAndRadio 10 169
0x4000fd5c HwsRomFsmFllLoCalibActivateB2B 8 174
0x4000fd64 HwsRomFsmLoCalibLvNoOtp 18 178
0x4000fd76 HwsRomSymCalibPopulateOvlB2B 6 187
0x4000fd7c HwsRomFsmSymCalibConfigClbAndRadio 10 190
0x4000fd86 HwsRomFsmFllSymCalibActivateB2B 8 195
0x4000fd8e HwsRomEncryptDataB2B 10 199
0x4000fd98 HwsRomFsmPgxConfigHwsAndRadio 12 204
0x4000fda4 HwsRomFsmPgxLoDivSymConfigHwsAndRadio 14 210
0x4000fdb2 HwsRomFsmPgxLoDivSymForBle5ConfigHwsAndRadio 20 217
0x4000fdc6 HwsRomFsmPgxActivateMfgId 8 227
0x4000fdce HwsRomFsmPgxActivateSrvcId 8 231
0x4000fdd6 HwsRomFsmPgxActivateRawNonWhiteLegacy 8 235
0x4000fdde HwsRomFsmPgxActivateAdvExtInd 10 239
0x4000fde8 HwsRomFsmPgxActivateAdvExtIndB2B 8 244
0x4000fdf0 HwsRomFsmPgxActivateAuxAdvInd 16 248
0x4000fe00 HwsRomFsmPgxActivateAuxAdvIndRaw 18 256
0x4000fe12 HwsRomFsmPgxActivateMfgIdNoOtp 18 265
0x4000fe24 HwsRomFsmPgxActivateSrvcIdNoOtp 18 274
0x4000fe36 HwsRomPreparePacketWithConstsB2B 8 283
0x4000fe3e HwsRomRadioTrngB2B 20 287
0x4000fe52 HwsRomRetWkupWithFreqOffset 8 297
0x4000fe5a HwsRomContWkupWithFreqOffset 8 301
0x4000fe62 HwsRomRetWkupWithFreqOffsetWithException 8 305
0x4000fe6a HwsRomContWkupWithFreqOffsetWithException 8 309
0x4000fe72 HwsRomLoProxSensingInit 14 313
0x4000fe80 HwsRomLoProxSensingExecute 20 320
0x4000fe94 HwsRomSymCalib 26 330
0x4000feae HwsRomPowerGearing 24 343
0x4000fec2 PowerGearingExit 20 353
0x4000fec6 HwsRomLcAuxIdacCalibInit 12 355
0x4000fed2 HwsRomLcAuxIdacCalibExecute 36 361
0x4000fed2 LcAuxIdacCalibExecute 0 361
0x4000fef6 HwsRomPreHarvesterFlow 8 379
0x4000fefe RAW_TX_LOOP 44 383
0x4000ff0e repeat_tx_loop 16 391
0x4000ff22 HarvesterTxStart 36 401
0x4000ff28 EndHarvFlow 42 404
#NVM HWS functions:
0x40010e0c FlowManagerFsm 12 6
0x40010e3c TempSensingLoop 60 30
0x40010e42 TempSensingLoopExecute 66 33
0x40010e4c LoProxSensingLoop 76 38
0x40010e52 RcSensorLoop 82 41
0x40010e5a RcSensorLoopExecute 90 45
0x40010e64 TamperSensingLoop 100 50
0x40010e6a SystemClksMeasLoop 106 53
0x40010e6e SystemClksMeasExecute 110 55
0x40010e76 SocMeasLoop 118 59
0x40010e7e EnvdetMeasLoop 126 63
0x40010e86 RtcMeasLoop 134 67
0x40010e90 RxSweepAndAuxMeasLoop 144 72
0x40010e9a RxSweep 154 77
0x40010ea4 AuxMeas 164 82
0x40010eae AuxMeasExecute 174 87
0x40010eb6 PostAuxMeas 182 91
0x40010eb8 PostRxSweepAndAuxMeas 184 92
0x40010ebc LoTxRxCalibLoop 188 94
0x40010ec2 LoTxRxCalibExecute 194 97
0x40010ece SymCalibLoop 206 103
0x40010ed2 SecAndTxLoop 210 105
0x40010edc TxSprinkler 220 110
0x40010ee4 PreparePacketLoop 228 114
0x40010ef4 TxLegacyLoop 244 122
0x40010f02 TxBle5Loop 258 129
0x40010f1a TempStaticCompLoop 282 141
0x40010f20 PowerGearingLoop 288 144
0x40010f24 LcAuxIdacCalibLoop 292 146
0x40010f2a WkupThresholdCalibLoop 298 149
0x40010f30 WkupLowSensitivityCalib 304 152
0x40010f3a LoVrefVbpCalibLoop 314 157
0x40010f40 LoVrefVbpCalibExecute 320 160
0x40010f4e ModIdxCalibLoop 334 167
0x40010f54 ModIdxCalibExecute 340 170
0x40010f60 MiniRxLoop 352 176
0x40010f6c MiniRxMainLoop 364 182
0x40010f6e NoContWuForFirstRun 366 183
0x40010f7e ExitCheckRx 382 191
0x40010f88 HarvesterFlow 392 196
