#Address in Hex; Function Name; Length in Bytes; Index; STR Type; Depth
#ROM SPU functions:
0x4000d668 SpuRomRadioModeForTxLv 4 6861 0 0
0x4000d670 SpuRomRadioInitForTxLv 24 6862 0 0
0x4000d688 SpuRomRadioModeForTxHv 4 6865 0 0
0x4000d690 SpuRomRadioInitForTxHv 24 6866 0 0
0x4000d6a8 SpuRomRadioModeForSymCalibLv 4 6869 0 0
0x4000d6b0 SpuRomRadioInitForSymCalibLv 24 6870 0 0
0x4000d6c8 SpuRomRadioModeForSymCalibHv 4 6873 0 0
0x4000d6d0 SpuRomRadioInitForSymCalibHv 24 6874 0 0
0x4000d6e8 SpuRomRadioModeForLoCalibLv 4 6877 0 0
0x4000d6f0 SpuRomRadioInitForLoCalibLv 24 6878 0 0
0x4000d708 SpuRomRadioModeForLoCalibHv 4 6881 0 0
0x4000d710 SpuRomRadioInitForLoCalibHv 24 6882 0 0
0x4000d728 SpuRomRadioModeForMeasureLv 4 6885 0 0
0x4000d730 SpuRomRadioInitForMeasureLv 24 6886 0 0
0x4000d748 SpuRomRadioModeForMeasureHv 4 6889 0 0
0x4000d750 SpuRomRadioInitForMeasureHv 24 6890 0 0
0x4000d768 SpuRomRadioModeForMeasureLC 4 6893 0 0
0x4000d770 SpuRomRadioInitForMeasureLC 24 6894 0 0
0x4000d788 SpuRomRadioModeForTempSensLv 4 6897 0 0
0x4000d790 SpuRomRadioInitForTempSensLv 24 6898 0 0
0x4000d7a8 SpuRomRadioModeForRcSensCap 4 6901 0 0
0x4000d7b0 SpuRomRadioInitForRcSensCap 24 6902 0 0
0x4000d7c8 SpuRomRadioModeForRcSensRes 4 6905 0 0
0x4000d7d0 SpuRomRadioInitForRcSensRes 24 6906 0 0
0x4000d7e8 SpuRomRadioModeForLoDivSymLv 4 6909 0 0
0x4000d7f0 SpuRomRadioInitForLoDivSymLv 24 6910 0 0
0x4000d808 SpuRomRadioModeForLoDivSymHv 4 6913 0 0
0x4000d810 SpuRomRadioInitForLoDivSymHv 24 6914 0 0
0x4000d828 SpuRomRadioModeForLoVrefVbpCalibLv 4 6917 0 0
0x4000d830 SpuRomRadioInitForLoVrefVbpCalibLv 24 6918 0 0
0x4000d848 SpuRomRadioModeForLoVrefVbpCalibHv 4 6921 0 0
0x4000d850 SpuRomRadioInitForLoVrefVbpCalibHv 24 6922 0 0
0x4000d868 SpuRomRadioModeForTxlvDFmeas 4 6925 0 0
0x4000d870 SpuRomRadioInitForTxlvDFmeas 24 6926 0 0
0x4000d888 SpuRomRadioModeForTxhvDFmeas 4 6929 0 0
0x4000d890 SpuRomRadioInitForTxhvDFmeas 24 6930 0 0
0x4000d8a8 SpuRomRadioModeForRng_lo 4 6933 0 0
0x4000d8b0 SpuRomRadioInitForRng_lo 24 6934 0 0
0x4000d8c8 SpuRomMemCopyRadioInit 20 6937 0 0
0x4000d8e0 SpuRomRadioInit 40 6940 0 0
0x4000d908 SpuRomHwsLinkPreJump 48 6945 0 0
0x4000d938 SpuRomHwsLinkPostJump 52 6951 0 0
0x4000d970 SpuRomExceptionHandler 128 6958 0 1
0x4000d9f0 SpuRomJumpXRdrsFromNet 24 6974 0 0
0x4000da08 SpuRomJumpXRdrsRelativeToEndFromNet 20 6977 0 0
0x4000da20 SpuRomJumpXRdrsFromRrt 40 6980 0 0
0x4000da48 SpuRomJumpXRdrsRelativeToEndFromRrt 36 6985 0 0
0x4000da70 SpuRomHwsJumpToSpecificRdr 20 6990 0 0
0x4000da88 SpuRomJumpXRdrs 16 6993 0 0
0x4000da98 SpuRomJumpXRdrsRelativeToEnd 16 6995 0 0
0x4000daa8 SpuRomSecCopyKeysFromOtp 4 6997 0 0
0x4000dab0 SPU_SecDMAPreFetch 12 6998 0 0
0x4000dac0 SpuRomSecPreFetch 12 7000 0 0
0x4000dad0 SPU_SecProcess 12 7002 0 0
0x4000dae0 SPU_SecDMAPush 4 7004 0 0
0x4000dae8 SpuRomSecPush 4 7005 0 0
0x4000daf0 SpuRomInitFromGnvm 64 7006 0 0
0x4000db30 SpuRomClearIspExcpFlags 20 7014 0 0
0x4000db48 SpuRomDummy 4 7017 0 0
0x4000db50 SpuRomDontIncTOctrInExcp 8 7018 0 0
0x4000db58 SpuRomIncTOctrInExcp 8 7019 0 0
0x4000db60 SpuRomSetStateOperationDoneInd 8 7020 0 0
0x4000db68 SpuRomClearStateOperationDoneInd 8 7021 0 0
0x4000db70 Spu_TempSensorSrrInit 160 7022 0 0
0x4000dc10 Spu_TempSensor_dig_ctl_srr 212 7042 0 0
0x4000dce8 Spu_TempSensorInit 116 7069 0 0
0x4000dd60 Spu_TempSensor_dig_ctl 184 7084 0 0
0x4000de18 Spu_TempSensor_analog_ctl 204 7107 0 0
0x4000dee8 Spu_TempSensor_first_boot_ctl 44 7133 0 0
0x4000df18 Spu_TempSensor_ctl 48 7139 0 1
0x4000df48 Spu_TempSensorInit_ctl 24 7145 0 1
0x4000df60 SpuRomConfigClbForTempSense 44 7148 0 0
0x4000df90 SpuRomTempSensorCfgOtpToOvl 4 7154 0 0
0x4000df98 SpuRomRcSensCfgOtpToOvl 4 7155 0 0
0x4000dfa0 SpuRomConfigHwsForRcSensing 48 7156 0 0
0x4000dfd0 SpuRomRcSensSetParams 36 7162 0 0
0x4000dff8 SpuRomRcMaskLc 24 7167 0 0
0x4000e010 SpuRomRcSensFunc 36 7170 0 0
0x4000e038 SpuRomDisableRadioTurnOff 8 7175 0 0
0x4000e040 SpuRomEnableRadioTurnOff 8 7176 0 0
0x4000e048 SpuRomSetRadioForTx 52 7177 0 1
0x4000e080 SpuRomSetRadioForSymCalib 52 7184 0 1
0x4000e0b8 SpuRomSetRadioForLoCalib 52 7191 0 1
0x4000e0f0 SpuRomSetRadioForMeasure 52 7198 0 1
0x4000e128 SpuRomSetRadioForRcSens 52 7205 0 1
0x4000e160 SpuRomSetRadioForLoDivSym 52 7212 0 1
0x4000e198 SpuRomSetRadioForMeasLoVrefVbpCalib 28 7219 0 2
0x4000e1b8 SpuRomSetRadioForMeasLoVrefVbpCalibNoSampling 52 7223 0 1
0x4000e1f0 SpuRomSetRadioForDFmeas 52 7230 0 1
0x4000e228 SpuRomTurnOtpPowerOn 8 7237 0 0
0x4000e230 SpuRomTurnOtpPowerOff 8 7238 0 0
0x4000e238 SpuRomReduceSramAndRomDcdcFreq 12 7239 0 0
0x4000e248 SpuRomSetActiveClkDividerRatioToMax 12 7241 0 0
0x4000e258 SpuRomRestoreActiveClkDividerRatio 24 7243 0 0
0x4000e270 Populate_Radio_ISP 4 7246 0 0
0x4000e278 Populate_Radio_HWS 4 7247 0 0
0x4000e280 Copy_AuxMeas_OTP_To_scratch 4 7248 0 0
0x4000e288 SPU_SET_Measurement_Configuration 28 7249 0 0
0x4000e2a8 Copy_LoCalib_OTP_To_scratch 4 7253 0 0
0x4000e2b0 SPU_SET_LO_Calibration_Configuration 24 7254 0 0
0x4000e2c8 Copy_SymCalib_OTP_To_scratch 4 7257 0 0
0x4000e2d0 SPU_SET_Sym_Calibration_Configuration 24 7258 0 0
0x4000e2e8 SPU_SET_PGX_Configuration 32 7261 0 0
0x4000e308 Copy_Measurement_To_ISP 4 7265 0 0
0x4000e310 Copy_DataKeys_OTP_To_scratch 4 7266 0 0
0x4000e318 Copy_IDKeys_OTP_To_scratch 4 7267 0 0
0x4000e320 SPU_CopyTRNGToISP 4 7268 0 0
0x4000e328 SPU_PopulatePGX 8 7269 0 0
0x4000e330 SpuRomCloseWkup 20 7270 0 0
0x4000e348 SpuRomSetWkupMode3 8 7273 0 0
0x4000e350 SPU_SetCCA 12 7274 0 0
0x4000e360 SpuRomInitSwspad0To31 24 7276 0 0
0x4000e378 SpuRomInitSwspadGnvm 4 7279 0 0
0x4000e380 SpuRomInitSrr 20 7280 0 0
0x4000e398 SpuRomInitHrr 20 7283 0 0
0x4000e3b0 SpuRomCopyFrequentHrrGnvmToSrrOvl 252 7286 0 0
0x4000e4b0 SpuRomCopyFrequentSwGnvmToSrrOvl 4 7318 0 0
0x4000e4b8 SpuRomInitAuxMeas 16 7319 0 0
0x4000e4c8 SpuRomInitClbContext0 4 7321 0 0
0x4000e4d0 SpuRomInitClbSkipN 24 7322 0 0
0x4000e4e8 SpuRomSetInitialParamsUntilFirstTempCompPart1 12 7325 0 0
0x4000e4f8 SpuRomSetInitialParamsUntilFirstTempCompPart2 68 7327 0 0
0x4000e540 SpuRomFirstBootInitUntilFirstTempComp 24 7336 0 0
0x4000e558 SpuRomRadioOtpToSrr 4 7339 0 0
0x4000e560 SpuRomRadioSrrToHws 4 7340 0 0
0x4000e568 SpuRomPgxOtpToSrr 8 7341 0 0
0x4000e570 SpuRomPgxSrrToHws 28 7342 0 1
0x4000e590 SpuRomPgxSrrToHws64Bit 52 7346 0 0
0x4000e5c8 SpuRomPgxSrrToHwsRaw128Bit 80 7353 0 0
0x4000e618 SpuRomPgxHwsToSrr 8 7363 0 0
0x4000e620 SpuRomSetRawPacketSize 28 7364 0 0
0x4000e640 SpuRomCopyRawPcktCrc 4 7368 0 0
0x4000e648 SpuRomCopyLoDivSymFromOvlToHws 4 7369 0 0
0x4000e650 SpuRomSetLoDivSymFromCh37InOvl 8 7370 0 0
0x4000e658 SpuRomSetLoDivSymFromCh37InClb 8 7371 0 0
0x4000e660 SpuRomSetAwdtSoftRguMaxTh 24 7372 0 0
0x4000e678 SpuRomTxBle5LengthJump 24 7375 0 0
0x4000e690 SpuRomSyncEnvDetWithSoc 4 7378 0 0
0x4000e698 SpuRomCopySrrToAuxPgxData 8 7379 0 0
0x4000e6a0 SpuRomSetWhtnForBle5 16 7380 0 0
0x4000e6b0 SpuRomSetPreambleAndDfSizeForBle5 64 7382 0 0
0x4000e6f0 SpuRomSetPsuRadioClkDivForTx 24 7390 0 0
0x4000e708 SpuRomRestorePsuRadioClkDivAfterTx 24 7393 0 0
0x4000e720 SpuRomHwsOtpToHrr 12 7396 0 0
0x4000e730 SpuRomAuxMeasOtpToIsp 4 7398 0 0
0x4000e738 SpuRomAuxMeasIspToOvl 4 7399 0 0
0x4000e740 SpuRomAuxMeasMsrCtl12ToOvl 16 7400 0 0
0x4000e750 SpuRomSymMeasMsrCtl12ToOvl 20 7402 0 0
0x4000e768 SpuRomAuxMeasResOvlToIsp 4 7405 0 0
0x4000e770 SpuRomAuxMeasResIspToOvl 4 7406 0 0
0x4000e778 SpuRomAuxMeasResOvlToClb 4 7407 0 0
0x4000e780 SpuRomClbContextOtpToSrr 12 7408 0 0
0x4000e790 SpuRomClbContextSrrToOvl 12 7410 0 0
0x4000e7a0 SpuRomClbContextOvlToClb 4 7412 0 0
0x4000e7a8 SpuRomAuxMeasCfgOtpToOvl 4 7413 0 0
0x4000e7b0 SpuRomAuxMeasOvlToClb 4 7414 0 0
0x4000e7b8 SpuRomLoCalibOtpToOvl 4 7415 0 0
0x4000e7c0 SpuRomLoCalibOvlToClb 4 7416 0 0
0x4000e7c8 SpuRomSymCalibOtpToOvl 4 7417 0 0
0x4000e7d0 SpuRomSymCalibOvlToClb 4 7418 0 0
0x4000e7d8 SpuRomAuxMeasResClbToOvl 4 7419 0 0
0x4000e7e0 SpuRomCalibResClbToOvl 20 7420 0 0
0x4000e7f8 SpuRomSecDataKeysOtpToOvl 4 7423 0 0
0x4000e800 SpuRomSecIdKeysOtpToOvl 4 7424 0 0
0x4000e808 SpuRomFmuOtpToOvl 4 7425 0 0
0x4000e810 SpuRomFmuOvlToClb 4 7426 0 0
0x4000e818 SpuRomFmuResHwsToOvl 4 7427 0 0
0x4000e820 SpuRomConfigFmuForLoDivSymVsSoc 32 7428 0 0
0x4000e840 SpuRomEnvdetMeasWithSoc 20 7432 0 0
0x4000e858 SpuRomCleOvlToHws 4 7435 0 0
0x4000e860 SpuRomCleHwsToOvl 4 7436 0 0
0x4000e868 SpuRomCleFllParams 28 7437 0 0
0x4000e888 SpuRomCopyCleAnalogctlForLcAuxIdacCalib 8 7441 0 0
0x4000e890 SpuRomCopyCleAnalogctlForWkupThresholdCalib 128 7442 0 0
0x4000e910 SpuRomCopyCleAnalogctlForLoVrefVbpCalib 52 7458 0 0
0x4000e948 SpuRomCopyCleAnalogctlForDfCalib 16 7465 0 0
0x4000e958 SpuRomLoVrefVbpCalibRemoveSampling 44 7467 0 0
0x4000e988 SpuRomSetVbpRxForCh39 36 7473 0 0
0x4000e9b0 SpuRomConfigFllForAuxMeas 32 7478 0 0
0x4000e9d0 SpuRomConfigFllForLoCalib 52 7482 0 0
0x4000ea08 SpuRomConfigFllForSymCalib 32 7489 0 0
0x4000ea28 SpuRomWaitFromOtp 8 7493 0 0
0x4000ea30 SpuRomSetFlowManagerFsmCycleBeginInd0 8 7494 0 0
0x4000ea38 SpuRomSetFlowManagerFsmCycleBeginInd1 8 7495 0 0
0x4000ea40 SpuRomWkupStateCca 12 7496 0 0
0x4000ea50 SpuRomWkupStateCh37 12 7498 0 0
0x4000ea60 SpuRomWkupStateCh38 12 7500 0 0
0x4000ea70 SpuRomWkupStateCh39 12 7502 0 0
0x4000ea80 SpuRomSaveEaWkupTimers 40 7504 0 0
0x4000eaa8 SpuRomVddDig2VddAdbDisable 8 7509 0 0
0x4000eab0 SpuRomVddDig2VddAdbEnable 8 7510 0 0
0x4000eab8 SpuRomSetMaxEnvdetClkFreq 12 7511 0 0
0x4000eac8 SpuRomSetMaxAttenuation 12 7513 0 0
0x4000ead8 SpuRomSetMinAttenuation 8 7515 0 0
0x4000eae0 SpuRomSetSlimLdoTrimForContWkup 40 7516 0 0
0x4000eb08 SpuRomRestoreSlimLdoTrimAfterContWkup 20 7521 0 0
0x4000eb20 SpuRomSetPacketStructureInPacket 20 7524 0 0
0x4000eb38 SpuCopyGroupID 4 7527 0 0
0x4000eb40 SpuRomInitializeUID 8 7528 0 0
0x4000eb48 SpuRomCopyFlowVersionToPacketFromGnvm 12 7529 0 0
0x4000eb58 SpuRomUseMaxLcAuxFreq 8 7531 0 0
0x4000eb60 SpuRomSetLcAuxFreqForTrng 20 7532 0 0
0x4000eb78 SpuRomSetSymFreqForTrng 24 7535 0 0
0x4000eb90 SpuRomCopyTrngToNonceSrr 4 7538 0 0
0x4000eb98 SpuRomCopyTrngToAdvaSrr 4 7539 0 0
0x4000eba0 SpuRomCopyTempEventCounterToGroupID 20 7540 0 0
0x4000ebb8 SpuRomElevatorGearConfig 68 7543 0 0
0x4000ec00 SpuRomDisableGearShiftTOExcptn 20 7552 0 0
0x4000ec18 SpuRomHighGearConfig 108 7555 0 0
0x4000ec88 SpuRomMidGearConfig 112 7569 0 0
0x4000ecf8 SpuRomPowerGearCheckGearReached 36 7583 0 0
0x4000ed20 SpuRomPowerGearConfigHighGearSteadyState 72 7588 0 0
0x4000ed68 SpuRomPowerGearingExit 12 7597 0 0
0x4000ed78 SpuRomPowerGearSetTimerForElevatorGear 24 7599 0 0
0x4000ed90 SpuRomPowerGearSetTimerForHighGear 24 7602 0 0
0x4000eda8 SpuRomPowerGearSetPowerGearingInd 8 7605 0 0
0x4000edb0 SpuRomPowerGearClearPowerGearingInd 8 7606 0 0
0x4000edb8 SpuRomPowerGearSetFastHarvester 12 7607 0 0
0x4000edc8 SpuRomPowerGearSetSlowHarvester 12 7609 0 0
0x4000edd8 setFmuInitMask 4 7611 0 0
0x4000ede0 SpuRomFixControl 24 7612 0 0
0x4000edf8 SpuRomFixTimer 16 7615 0 0
0x4000ee08 spuRomEvent0FixControl 8 7617 0 1
0x4000ee10 spuRomEvent0FixTimer 8 7618 0 1
0x4000ee18 spuRomEvent1FixControl 8 7619 0 1
0x4000ee20 spuRomEvent1FixTimer 8 7620 0 1
0x4000ee28 spuRomEvent2FixControl 8 7621 0 1
0x4000ee30 spuRomEvent2FixTimer 8 7622 0 1
0x4000ee38 spuRomEvent3FixControl 8 7623 0 1
0x4000ee40 spuRomEvent3FixTimer 8 7624 0 1
0x4000ee48 spuRomEvent4FixControl 8 7625 0 1
0x4000ee50 spuRomEvent4FixTimer 8 7626 0 1
0x4000ee58 spuRomEvent5FixControl 8 7627 0 1
0x4000ee60 spuRomEvent5FixTimer 8 7628 0 1
0x4000ee68 spuRomEvent6FixControl 8 7629 0 1
0x4000ee70 spuRomEvent6FixTimer 8 7630 0 1
0x4000ee78 spuRomEvent7FixControl 8 7631 0 1
0x4000ee80 spuRomEvent7FixTimer 8 7632 0 1
0x4000ee88 spuRomEvent8FixControl 8 7633 0 1
0x4000ee90 spuRomEvent8FixTimer 8 7634 0 1
0x4000ee98 spuRomEvent9FixControl 8 7635 0 1
0x4000eea0 spuRomEvent9FixTimer 8 7636 0 1
0x4000eea8 spuRomEvent10FixControl 8 7637 0 1
0x4000eeb0 spuRomEvent10FixTimer 8 7638 0 1
0x4000eeb8 spuRomEvent11FixControl 8 7639 0 1
0x4000eec0 spuRomEvent11FixTimer 8 7640 0 1
0x4000eec8 spuRomEvent12FixControl 8 7641 0 1
0x4000eed0 spuRomEvent12FixTimer 8 7642 0 1
0x4000eed8 spuRomEvent13FixControl 8 7643 0 1
0x4000eee0 spuRomEvent13FixTimer 8 7644 0 1
0x4000eee8 spuRomEvent14FixControl 8 7645 0 1
0x4000eef0 spuRomEvent14FixTimer 8 7646 0 1
0x4000eef8 spuRomEvent15FixControl 8 7647 0 1
0x4000ef00 spuRomEvent15FixTimer 8 7648 0 1
0x4000ef08 spuRomTurnOffMss 12 7649 0 0
0x4000ef18 spuRomTurnOffRadio 20 7651 0 0
0x4000ef30 SpuRomRtcSocMeas 52 7654 0 0
0x4000ef68 SpuRomVstartCalibInit 24 7661 0 0
0x4000ef80 SpuRomTestSecSetup 60 7664 0 0
0x4000efc0 SpuRomByteAccessSRR 28 7672 0 0
0x4000efe0 SpuRomPopulateRadioHws 8 7676 0 0
0x4000efe8 SpuRomSymMeasLcRadioInit 80 7677 0 0
0x4000f038 SpuRomRadioModeSymMeasLc 12 7687 0 0
0x4000f048 SpuRomLcauxIdacCalibInit 24 7689 0 0
0x4000f060 SpuRomUnSetFirstCycleCalibIter 8 7692 0 0
0x4000f068 SpuRomBasicFlowCopyClbCfgOTPToIsp 36 7693 0 0
0x4000f090 SpuRomBasicFlowAuxMeasCfgIspToOvl 16 7698 0 0
0x4000f0a0 SpuRomBasicFlowLoClbIspToOvl 24 7700 0 0
0x4000f0b8 SpuRomBasicFlowSymClbIspToOvl 16 7703 0 0
0x4000f0c8 SpuRomBasicFlowPreparePacketWithConst 20 7705 0 0
0x4000f0e0 SpuRomBasicFlowPreparePacketWithSec 8 7708 0 0
0x4000f0e8 SpuRomBasicFlowKeepOtpShutOffEn 8 7709 0 0
0x4000f0f0 SpuRomBasicFlowSpuNOP 8 7710 0 0
0x4000f0f8 RET_init_from_GNVM 64 7711 0 0
0x4000f138 CLB_init_from_GNVM 28 7719 0 0
0x4000f158 SpuRomFirstBootInit 12 7723 0 0
0x4000f168 spuRomInitFromGnvm 64 7725 0 0
0x4000f1a8 SpuRomSetWuParamsForTestModeWU 64 7733 0 0
0x4000f1e8 SpuRomSetAueMeasTimeTo2 12 7741 0 0
0x4000f1f8 SpuRomTestModeSetWuState12 12 7743 0 0
0x4000f208 SpuRomTestModeSetWuState14 12 7745 0 0
0x4000f218 SpuRomForceReset 8 7747 0 0
0x4000f220 SpuRomDisableSoftAWDT 8 7748 0 0
0x4000f228 SpuRomHwsRegistersInitFromGnvm 20 7749 0 0
0x4000f240 SpuRomHwsHrrInitFromGnvm 8 7752 0 0
0x4000f248 SpuRomIspSrrInitFromGnvm 8 7753 0 0
0x4000f250 SpuRomAuxMeasAndCalibOverlayInitFromGnvm 4 7754 0 0
0x4000f258 SpuRomSecAndTxOverlayInitFromGnvm 4 7755 0 0
0x4000f260 SpuRomFlowManagerAndPowerupOverlayInitFromGnvm 4 7756 0 0
0x4000f268 SpuRomPowerGearingOverlayInitFromGnvm 4 7757 0 0
0x4000f270 SpuRomLcAuxIdacCalibOverlayInitFromGnvm 4 7758 0 0
0x4000f278 SpuRomWkupThresholdCalibOverlayInitFromGnvm 4 7759 0 0
0x4000f280 SpuRomLoVrefVbpCalibOverlayInitFromGnvm 4 7760 0 0
0x4000f288 SpuRomDfCalibOverlayInitFromGnvm 4 7761 0 0
0x4000f290 SpuRomSensingOverlayInitFromGnvm 4 7762 0 0
0x4000f298 SpuRomTempPolyCoeffOverlayInitFromGnvm 4 7763 0 0
0x4000f2a0 SpuRomAuxMeasVsTempCoeffOverlayInitFromGnvm 4 7764 0 0
0x4000f2a8 SpuRomTestModeOverlayInitFromGnvm 4 7765 0 0
0x4000f2b0 SpuRomSystemClksMeasOverlayInitFromGnvm 4 7766 0 0
0x4000f2b8 SpuRomClbRegistersInitFromGnvm 8 7767 0 0
#NVM SPU functions:
0x40010c00 SpuNvmTestFunction 8 0 1 0
0x40010c08 SpuNvmTestFunction2 12 2 1 0
